<?xml version="1.0" encoding="UTF-8"?>
<!-- Generated by org.testng.reporters.JUnitXMLReporter -->
<testsuite hostname="DT-JMIHAJLOVIC" name="All Things Talk Test Cases - Sign Up" tests="11" failures="0" timestamp="27 Dec 2019 11:33:36 GMT" time="7.044" errors="0">
  <testcase name="@BeforeClass startBrowser" time="0.0" classname="AllThingsTalk.pages.login.LoginTests">
    <failure type="org.openqa.selenium.NoSuchSessionException" message="Session ID is null. Using WebDriver after calling quit()?
Build info: version: &amp;apos;3.141.59&amp;apos;, revision: &amp;apos;e82be7d358&amp;apos;, time: &amp;apos;2018-11-14T08:17:03&amp;apos;
System info: host: &amp;apos;DT-JMIHAJLOVIC&amp;apos;, ip: &amp;apos;192.168.56.1&amp;apos;, os.name: &amp;apos;Windows 10&amp;apos;, os.arch: &amp;apos;amd64&amp;apos;, os.version: &amp;apos;10.0&amp;apos;, java.version: &amp;apos;1.8.0_231&amp;apos;
Driver info: driver.version: RemoteWebDriver">
      <![CDATA[org.openqa.selenium.NoSuchSessionException: Session ID is null. Using WebDriver after calling quit()?
Build info: version: '3.141.59', revision: 'e82be7d358', time: '2018-11-14T08:17:03'
System info: host: 'DT-JMIHAJLOVIC', ip: '192.168.56.1', os.name: 'Windows 10', os.arch: 'amd64', os.version: '10.0', java.version: '1.8.0_231'
Driver info: driver.version: RemoteWebDriver
	at org.openqa.selenium.remote.HttpCommandExecutor.execute(HttpCommandExecutor.java:125)
	at org.openqa.selenium.remote.service.DriverCommandExecutor.execute(DriverCommandExecutor.java:83)
	at org.openqa.selenium.remote.RemoteWebDriver.execute(RemoteWebDriver.java:552)
	at org.openqa.selenium.remote.RemoteWebDriver$RemoteWebDriverOptions$RemoteTimeouts.implicitlyWait(RemoteWebDriver.java:780)
	at AllThingsTalk.pages.login.BaseTests.startBrowser(BaseTests.java:28)
... Removed 24 stack frames]]>
    </failure>
  </testcase> <!-- @BeforeClass startBrowser -->
  <testcase name="@BeforeMethod goToSignUpPage" time="0.0" classname="AllThingsTalk.pages.login.LoginTests">
    <skipped/>
  </testcase> <!-- @BeforeMethod goToSignUpPage -->
  <testcase name="@BeforeMethod goToSignUpPage" time="0.0" classname="AllThingsTalk.pages.login.LoginTests">
    <skipped/>
  </testcase> <!-- @BeforeMethod goToSignUpPage -->
  <testcase name="@BeforeMethod goToSignUpPage" time="0.0" classname="AllThingsTalk.pages.login.LoginTests">
    <skipped/>
  </testcase> <!-- @BeforeMethod goToSignUpPage -->
  <testcase name="@BeforeClass startBrowser" time="0.0" classname="AllThingsTalk.pages.newEmployee.NewEmployeeTests">
    <failure type="org.openqa.selenium.NoSuchSessionException" message="Session ID is null. Using WebDriver after calling quit()?
Build info: version: &amp;apos;3.141.59&amp;apos;, revision: &amp;apos;e82be7d358&amp;apos;, time: &amp;apos;2018-11-14T08:17:03&amp;apos;
System info: host: &amp;apos;DT-JMIHAJLOVIC&amp;apos;, ip: &amp;apos;192.168.56.1&amp;apos;, os.name: &amp;apos;Windows 10&amp;apos;, os.arch: &amp;apos;amd64&amp;apos;, os.version: &amp;apos;10.0&amp;apos;, java.version: &amp;apos;1.8.0_231&amp;apos;
Driver info: driver.version: RemoteWebDriver">
      <![CDATA[org.openqa.selenium.NoSuchSessionException: Session ID is null. Using WebDriver after calling quit()?
Build info: version: '3.141.59', revision: 'e82be7d358', time: '2018-11-14T08:17:03'
System info: host: 'DT-JMIHAJLOVIC', ip: '192.168.56.1', os.name: 'Windows 10', os.arch: 'amd64', os.version: '10.0', java.version: '1.8.0_231'
Driver info: driver.version: RemoteWebDriver
	at org.openqa.selenium.remote.HttpCommandExecutor.execute(HttpCommandExecutor.java:125)
	at org.openqa.selenium.remote.service.DriverCommandExecutor.execute(DriverCommandExecutor.java:83)
	at org.openqa.selenium.remote.RemoteWebDriver.execute(RemoteWebDriver.java:552)
	at org.openqa.selenium.remote.RemoteWebDriver$RemoteWebDriverOptions$RemoteTimeouts.implicitlyWait(RemoteWebDriver.java:780)
	at AllThingsTalk.pages.newEmployee.BaseTests.startBrowser(BaseTests.java:34)
... Removed 24 stack frames]]>
    </failure>
  </testcase> <!-- @BeforeClass startBrowser -->
  <testcase name="@BeforeMethod goToSignUpPage" time="0.0" classname="AllThingsTalk.pages.newEmployee.NewEmployeeTests">
    <skipped/>
  </testcase> <!-- @BeforeMethod goToSignUpPage -->
  <testcase name="@BeforeMethod goToSignUpPage" time="0.0" classname="AllThingsTalk.pages.newEmployee.NewEmployeeTests">
    <skipped/>
  </testcase> <!-- @BeforeMethod goToSignUpPage -->
  <testcase name="allFieldsAreBlank" time="0.453" classname="AllThingsTalk.pages.signUp.SignUpTests"/>
  <testcase name="canntoRegisterWithSameEmail" time="0.455" classname="AllThingsTalk.pages.signUp.SignUpTests"/>
  <testcase name="canntoRegisterWithSameUsername" time="0.427" classname="AllThingsTalk.pages.signUp.SignUpTests"/>
  <testcase name="canntoRegisterWithoutEmail" time="0.406" classname="AllThingsTalk.pages.signUp.SignUpTests"/>
  <testcase name="canntoRegisterWithoutPassword" time="0.387" classname="AllThingsTalk.pages.signUp.SignUpTests"/>
  <testcase name="registerNewAccount" time="0.709" classname="AllThingsTalk.pages.signUp.SignUpTests"/>
  <testcase name="cannotLoginWithInvalidPassword" time="0.001" classname="AllThingsTalk.pages.login.LoginTests">
    <skipped/>
  </testcase> <!-- cannotLoginWithInvalidPassword -->
  <testcase name="canLoginWithEmail" time="0.001" classname="AllThingsTalk.pages.login.LoginTests">
    <skipped/>
  </testcase> <!-- canLoginWithEmail -->
  <testcase name="canLoginWithUsername" time="0.001" classname="AllThingsTalk.pages.login.LoginTests">
    <skipped/>
  </testcase> <!-- canLoginWithUsername -->
  <testcase name="createNewEmployee" time="0.0" classname="AllThingsTalk.pages.newEmployee.NewEmployeeTests">
    <skipped/>
  </testcase> <!-- createNewEmployee -->
  <testcase name="deleteEmployee" time="0.001" classname="AllThingsTalk.pages.newEmployee.NewEmployeeTests">
    <skipped/>
  </testcase> <!-- deleteEmployee -->
</testsuite> <!-- All Things Talk Test Cases - Sign Up -->
